<?xml version="1.0" encoding="UTF-8"?>
<!-- Generated by org.testng.reporters.JUnitXMLReporter -->
<testsuite ignored="0" hostname="LAPTOP-5KMFOFH9" failures="0" tests="2" name="Default test" time="16.608" errors="0" timestamp="2022-12-16T14:18:59 IST">
  <testcase classname="com.SwagLab.Test.OrderDescriptionPageTest" name="verifyProductDetails" time="0.051"/>
  <testcase classname="com.SwagLab.Test.OrderDescriptionPageTest" name="orderComplete" time="0.115"/>
</testsuite> <!-- Default test -->
