<?xml version="1.0" encoding="UTF-8"?>
<testng-results ignored="0" total="2" passed="2" failed="0" skipped="0">
  <reporter-output>
  </reporter-output>
  <suite started-at="2022-12-17T11:53:48 IST" name="Suite" finished-at="2022-12-17T11:54:06 IST" duration-ms="18436">
    <groups>
    </groups>
    <test started-at="2022-12-17T11:53:48 IST" name="Test" finished-at="2022-12-17T11:54:06 IST" duration-ms="18436">
      <class name="com.SwagLab.Test.OrderDescriptionPageTest">
        <test-method is-config="true" signature="setup()[pri:0, instance:com.SwagLab.Test.OrderDescriptionPageTest@470f1802]" started-at="2022-12-17T11:53:48 IST" name="setup" finished-at="2022-12-17T11:53:54 IST" duration-ms="6048" status="PASS">
          <reporter-output>
          </reporter-output>
        </test-method> <!-- setup -->
        <test-method is-config="true" signature="pageSetup()[pri:0, instance:com.SwagLab.Test.OrderDescriptionPageTest@470f1802]" started-at="2022-12-17T11:53:54 IST" name="pageSetup" finished-at="2022-12-17T11:54:06 IST" duration-ms="11992" status="PASS">
          <reporter-output>
          </reporter-output>
        </test-method> <!-- pageSetup -->
        <test-method signature="verifyProductDetails()[pri:1, instance:com.SwagLab.Test.OrderDescriptionPageTest@470f1802]" started-at="2022-12-17T11:54:06 IST" name="verifyProductDetails" finished-at="2022-12-17T11:54:06 IST" duration-ms="199" status="PASS">
          <reporter-output>
          </reporter-output>
        </test-method> <!-- verifyProductDetails -->
        <test-method signature="orderComplete()[pri:2, instance:com.SwagLab.Test.OrderDescriptionPageTest@470f1802]" started-at="2022-12-17T11:54:06 IST" name="orderComplete" finished-at="2022-12-17T11:54:06 IST" duration-ms="130" status="PASS">
          <reporter-output>
          </reporter-output>
        </test-method> <!-- orderComplete -->
      </class> <!-- com.SwagLab.Test.OrderDescriptionPageTest -->
    </test> <!-- Test -->
  </suite> <!-- Suite -->
</testng-results>
