<?xml version="1.0" encoding="UTF-8"?>
<testng-results ignored="0" total="2" passed="2" failed="0" skipped="0">
  <reporter-output>
  </reporter-output>
  <suite started-at="2022-12-16T14:27:25 IST" name="Suite" finished-at="2022-12-16T14:27:46 IST" duration-ms="20959">
    <groups>
    </groups>
    <test started-at="2022-12-16T14:27:25 IST" name="Test" finished-at="2022-12-16T14:27:46 IST" duration-ms="20959">
      <class name="com.SwagLab.Test.OrderDescriptionPageTest">
        <test-method is-config="true" signature="setup()[pri:0, instance:com.SwagLab.Test.OrderDescriptionPageTest@5677323c]" started-at="2022-12-16T14:27:25 IST" name="setup" finished-at="2022-12-16T14:27:35 IST" duration-ms="9733" status="PASS">
          <reporter-output>
          </reporter-output>
        </test-method> <!-- setup -->
        <test-method is-config="true" signature="pageSetup()[pri:0, instance:com.SwagLab.Test.OrderDescriptionPageTest@5677323c]" started-at="2022-12-16T14:27:35 IST" name="pageSetup" finished-at="2022-12-16T14:27:46 IST" duration-ms="10877" status="PASS">
          <reporter-output>
          </reporter-output>
        </test-method> <!-- pageSetup -->
        <test-method signature="verifyProductDetails()[pri:1, instance:com.SwagLab.Test.OrderDescriptionPageTest@5677323c]" started-at="2022-12-16T14:27:46 IST" name="verifyProductDetails" finished-at="2022-12-16T14:27:46 IST" duration-ms="171" status="PASS">
          <reporter-output>
          </reporter-output>
        </test-method> <!-- verifyProductDetails -->
        <test-method signature="orderComplete()[pri:2, instance:com.SwagLab.Test.OrderDescriptionPageTest@5677323c]" started-at="2022-12-16T14:27:46 IST" name="orderComplete" finished-at="2022-12-16T14:27:46 IST" duration-ms="108" status="PASS">
          <reporter-output>
          </reporter-output>
        </test-method> <!-- orderComplete -->
      </class> <!-- com.SwagLab.Test.OrderDescriptionPageTest -->
    </test> <!-- Test -->
  </suite> <!-- Suite -->
</testng-results>
